<?xml version="1.0" encoding="UTF-8"?>
<testsuite xmlns:xsi="http://www.w3.org/2001/XMLSchema-instance" xsi:noNamespaceSchemaLocation="https://maven.apache.org/surefire/maven-surefire-plugin/xsd/surefire-test-report.xsd" name="calculator.TranslatorImplTest" time="0.388" tests="100" errors="0" skipped="0" failures="0">
  <properties>
    <property name="awt.toolkit" value="sun.awt.X11.XToolkit"/>
    <property name="file.encoding.pkg" value="sun.io"/>
    <property name="java.specification.version" value="1.8"/>
    <property name="sun.cpu.isalist" value=""/>
    <property name="sun.jnu.encoding" value="UTF-8"/>
    <property name="java.class.path" value="/home/piero/Utec/software/load-testing-cuack/target/test-classes:/home/piero/Utec/software/load-testing-cuack/target/classes:/home/piero/.m2/repository/org/testng/testng/6.8.7/testng-6.8.7.jar:/home/piero/.m2/repository/junit/junit/4.12/junit-4.12.jar:/home/piero/.m2/repository/org/hamcrest/hamcrest-core/1.3/hamcrest-core-1.3.jar:/home/piero/.m2/repository/org/beanshell/bsh/2.0b4/bsh-2.0b4.jar:/home/piero/.m2/repository/com/beust/jcommander/1.27/jcommander-1.27.jar:/home/piero/.m2/repository/org/yaml/snakeyaml/1.19/snakeyaml-1.19.jar:/home/piero/.m2/repository/org/apache/maven/surefire/surefire-testng-utils/2.21.0/surefire-testng-utils-2.21.0.jar:/home/piero/.m2/repository/org/apache/maven/surefire/surefire-grouper/2.21.0/surefire-grouper-2.21.0.jar:"/>
    <property name="java.vm.vendor" value="Oracle Corporation"/>
    <property name="sun.arch.data.model" value="64"/>
    <property name="java.vendor.url" value="http://java.oracle.com/"/>
    <property name="user.timezone" value=""/>
    <property name="java.vm.specification.version" value="1.8"/>
    <property name="os.name" value="Linux"/>
    <property name="user.country" value="US"/>
    <property name="sun.java.launcher" value="SUN_STANDARD"/>
    <property name="sun.boot.library.path" value="/usr/lib/jvm/java-8-openjdk/jre/lib/amd64"/>
    <property name="sun.java.command" value="/home/piero/Utec/software/load-testing-cuack/target/surefire/surefirebooter7976141513817842121.jar /home/piero/Utec/software/load-testing-cuack/target/surefire 2019-10-23T11-44-25_920-jvmRun1 surefire2997502069044918080tmp surefire_05049257770565951119tmp"/>
    <property name="surefire.test.class.path" value="/home/piero/Utec/software/load-testing-cuack/target/test-classes:/home/piero/Utec/software/load-testing-cuack/target/classes:/home/piero/.m2/repository/org/testng/testng/6.8.7/testng-6.8.7.jar:/home/piero/.m2/repository/junit/junit/4.12/junit-4.12.jar:/home/piero/.m2/repository/org/hamcrest/hamcrest-core/1.3/hamcrest-core-1.3.jar:/home/piero/.m2/repository/org/beanshell/bsh/2.0b4/bsh-2.0b4.jar:/home/piero/.m2/repository/com/beust/jcommander/1.27/jcommander-1.27.jar:/home/piero/.m2/repository/org/yaml/snakeyaml/1.19/snakeyaml-1.19.jar:/home/piero/.m2/repository/org/apache/maven/surefire/surefire-testng-utils/2.21.0/surefire-testng-utils-2.21.0.jar:/home/piero/.m2/repository/org/apache/maven/surefire/surefire-grouper/2.21.0/surefire-grouper-2.21.0.jar:"/>
    <property name="sun.cpu.endian" value="little"/>
    <property name="user.home" value="/home/piero"/>
    <property name="user.language" value="en"/>
    <property name="java.specification.vendor" value="Oracle Corporation"/>
    <property name="java.home" value="/usr/lib/jvm/java-8-openjdk/jre"/>
    <property name="basedir" value="/home/piero/Utec/software/load-testing-cuack"/>
    <property name="file.separator" value="/"/>
    <property name="line.separator" value="&#10;"/>
    <property name="java.vm.specification.vendor" value="Oracle Corporation"/>
    <property name="java.specification.name" value="Java Platform API Specification"/>
    <property name="java.awt.graphicsenv" value="sun.awt.X11GraphicsEnvironment"/>
    <property name="surefire.real.class.path" value="/home/piero/Utec/software/load-testing-cuack/target/surefire/surefirebooter7976141513817842121.jar"/>
    <property name="sun.boot.class.path" value="/usr/lib/jvm/java-8-openjdk/jre/lib/resources.jar:/usr/lib/jvm/java-8-openjdk/jre/lib/rt.jar:/usr/lib/jvm/java-8-openjdk/jre/lib/sunrsasign.jar:/usr/lib/jvm/java-8-openjdk/jre/lib/jsse.jar:/usr/lib/jvm/java-8-openjdk/jre/lib/jce.jar:/usr/lib/jvm/java-8-openjdk/jre/lib/charsets.jar:/usr/lib/jvm/java-8-openjdk/jre/lib/jfr.jar:/usr/lib/jvm/java-8-openjdk/jre/classes"/>
    <property name="sun.management.compiler" value="HotSpot 64-Bit Tiered Compilers"/>
    <property name="java.runtime.version" value="1.8.0_222-b05"/>
    <property name="user.name" value="piero"/>
    <property name="path.separator" value=":"/>
    <property name="os.version" value="5.3.5-arch1-1-ARCH"/>
    <property name="java.endorsed.dirs" value="/usr/lib/jvm/java-8-openjdk/jre/lib/endorsed"/>
    <property name="java.runtime.name" value="OpenJDK Runtime Environment"/>
    <property name="file.encoding" value="UTF-8"/>
    <property name="java.vm.name" value="OpenJDK 64-Bit Server VM"/>
    <property name="localRepository" value="/home/piero/.m2/repository"/>
    <property name="java.vendor.url.bug" value="http://bugreport.sun.com/bugreport/"/>
    <property name="java.io.tmpdir" value="/tmp"/>
    <property name="java.version" value="1.8.0_222"/>
    <property name="user.dir" value="/home/piero/Utec/software/load-testing-cuack"/>
    <property name="os.arch" value="amd64"/>
    <property name="java.vm.specification.name" value="Java Virtual Machine Specification"/>
    <property name="java.awt.printerjob" value="sun.print.PSPrinterJob"/>
    <property name="sun.os.patch.level" value="unknown"/>
    <property name="java.library.path" value="/usr/java/packages/lib/amd64:/usr/lib64:/lib64:/lib:/usr/lib"/>
    <property name="java.vm.info" value="mixed mode"/>
    <property name="java.vendor" value="Oracle Corporation"/>
    <property name="java.vm.version" value="25.222-b05"/>
    <property name="java.ext.dirs" value="/usr/lib/jvm/java-8-openjdk/jre/lib/ext:/usr/java/packages/lib/ext"/>
    <property name="sun.io.unicode.encoding" value="UnicodeLittle"/>
    <property name="java.class.version" value="52.0"/>
  </properties>
  <testcase name="testTranslateDummy" classname="calculator.TranslatorImplTest" time="0"/>
  <testcase name="testTranslateDummy" classname="calculator.TranslatorImplTest" time="0"/>
  <testcase name="testTranslateDummy" classname="calculator.TranslatorImplTest" time="0"/>
  <testcase name="testTranslateDummy" classname="calculator.TranslatorImplTest" time="0"/>
  <testcase name="testTranslateDummy" classname="calculator.TranslatorImplTest" time="0"/>
  <testcase name="testTranslateDummy" classname="calculator.TranslatorImplTest" time="0"/>
  <testcase name="testTranslateDummy" classname="calculator.TranslatorImplTest" time="0"/>
  <testcase name="testTranslateDummy" classname="calculator.TranslatorImplTest" time="0"/>
  <testcase name="testTranslateDummy" classname="calculator.TranslatorImplTest" time="0"/>
  <testcase name="testTranslateDummy" classname="calculator.TranslatorImplTest" time="0"/>
  <testcase name="testTranslateDummy" classname="calculator.TranslatorImplTest" time="0"/>
  <testcase name="testTranslateDummy" classname="calculator.TranslatorImplTest" time="0"/>
  <testcase name="testTranslateDummy" classname="calculator.TranslatorImplTest" time="0"/>
  <testcase name="testTranslateDummy" classname="calculator.TranslatorImplTest" time="0"/>
  <testcase name="testTranslateDummy" classname="calculator.TranslatorImplTest" time="0.001"/>
  <testcase name="testTranslateDummy" classname="calculator.TranslatorImplTest" time="0"/>
  <testcase name="testTranslateDummy" classname="calculator.TranslatorImplTest" time="0"/>
  <testcase name="testTranslateDummy" classname="calculator.TranslatorImplTest" time="0.001"/>
  <testcase name="testTranslateDummy" classname="calculator.TranslatorImplTest" time="0.001"/>
  <testcase name="testTranslateDummy" classname="calculator.TranslatorImplTest" time="0"/>
  <testcase name="testTranslateDummy" classname="calculator.TranslatorImplTest" time="0.001"/>
  <testcase name="testTranslateDummy" classname="calculator.TranslatorImplTest" time="0"/>
  <testcase name="testTranslateDummy" classname="calculator.TranslatorImplTest" time="0"/>
  <testcase name="testTranslateDummy" classname="calculator.TranslatorImplTest" time="0"/>
  <testcase name="testTranslateDummy" classname="calculator.TranslatorImplTest" time="0"/>
  <testcase name="testTranslateDummy" classname="calculator.TranslatorImplTest" time="0"/>
  <testcase name="testTranslateDummy" classname="calculator.TranslatorImplTest" time="0"/>
  <testcase name="testTranslateDummy" classname="calculator.TranslatorImplTest" time="0"/>
  <testcase name="testTranslateDummy" classname="calculator.TranslatorImplTest" time="0"/>
  <testcase name="testTranslateDummy" classname="calculator.TranslatorImplTest" time="0.001"/>
  <testcase name="testTranslateDummy" classname="calculator.TranslatorImplTest" time="0"/>
  <testcase name="testTranslateDummy" classname="calculator.TranslatorImplTest" time="0"/>
  <testcase name="testTranslateDummy" classname="calculator.TranslatorImplTest" time="0.001"/>
  <testcase name="testTranslateDummy" classname="calculator.TranslatorImplTest" time="0"/>
  <testcase name="testTranslateDummy" classname="calculator.TranslatorImplTest" time="0"/>
  <testcase name="testTranslateDummy" classname="calculator.TranslatorImplTest" time="0"/>
  <testcase name="testTranslateDummy" classname="calculator.TranslatorImplTest" time="0.001"/>
  <testcase name="testTranslateDummy" classname="calculator.TranslatorImplTest" time="0"/>
  <testcase name="testTranslateDummy" classname="calculator.TranslatorImplTest" time="0.001"/>
  <testcase name="testTranslateDummy" classname="calculator.TranslatorImplTest" time="0"/>
  <testcase name="testTranslateDummy" classname="calculator.TranslatorImplTest" time="0"/>
  <testcase name="testTranslateDummy" classname="calculator.TranslatorImplTest" time="0.001"/>
  <testcase name="testTranslateDummy" classname="calculator.TranslatorImplTest" time="0"/>
  <testcase name="testTranslateDummy" classname="calculator.TranslatorImplTest" time="0"/>
  <testcase name="testTranslateDummy" classname="calculator.TranslatorImplTest" time="0"/>
  <testcase name="testTranslateDummy" classname="calculator.TranslatorImplTest" time="0"/>
  <testcase name="testTranslateDummy" classname="calculator.TranslatorImplTest" time="0.001"/>
  <testcase name="testTranslateDummy" classname="calculator.TranslatorImplTest" time="0.001"/>
  <testcase name="testTranslateDummy" classname="calculator.TranslatorImplTest" time="0.001"/>
  <testcase name="testTranslateDummy" classname="calculator.TranslatorImplTest" time="0"/>
  <testcase name="testTranslateDummy" classname="calculator.TranslatorImplTest" time="0"/>
  <testcase name="testTranslateDummy" classname="calculator.TranslatorImplTest" time="0"/>
  <testcase name="testTranslateDummy" classname="calculator.TranslatorImplTest" time="0"/>
  <testcase name="testTranslateDummy" classname="calculator.TranslatorImplTest" time="0"/>
  <testcase name="testTranslateDummy" classname="calculator.TranslatorImplTest" time="0"/>
  <testcase name="testTranslateDummy" classname="calculator.TranslatorImplTest" time="0"/>
  <testcase name="testTranslateDummy" classname="calculator.TranslatorImplTest" time="0"/>
  <testcase name="testTranslateDummy" classname="calculator.TranslatorImplTest" time="0.001"/>
  <testcase name="testTranslateDummy" classname="calculator.TranslatorImplTest" time="0"/>
  <testcase name="testTranslateDummy" classname="calculator.TranslatorImplTest" time="0"/>
  <testcase name="testTranslateDummy" classname="calculator.TranslatorImplTest" time="0"/>
  <testcase name="testTranslateDummy" classname="calculator.TranslatorImplTest" time="0"/>
  <testcase name="testTranslateDummy" classname="calculator.TranslatorImplTest" time="0"/>
  <testcase name="testTranslateDummy" classname="calculator.TranslatorImplTest" time="0"/>
  <testcase name="testTranslateDummy" classname="calculator.TranslatorImplTest" time="0"/>
  <testcase name="testTranslateDummy" classname="calculator.TranslatorImplTest" time="0"/>
  <testcase name="testTranslateDummy" classname="calculator.TranslatorImplTest" time="0"/>
  <testcase name="testTranslateDummy" classname="calculator.TranslatorImplTest" time="0"/>
  <testcase name="testTranslateDummy" classname="calculator.TranslatorImplTest" time="0"/>
  <testcase name="testTranslateDummy" classname="calculator.TranslatorImplTest" time="0"/>
  <testcase name="testTranslateDummy" classname="calculator.TranslatorImplTest" time="0"/>
  <testcase name="testTranslateDummy" classname="calculator.TranslatorImplTest" time="0"/>
  <testcase name="testTranslateDummy" classname="calculator.TranslatorImplTest" time="0"/>
  <testcase name="testTranslateDummy" classname="calculator.TranslatorImplTest" time="0"/>
  <testcase name="testTranslateDummy" classname="calculator.TranslatorImplTest" time="0"/>
  <testcase name="testTranslateDummy" classname="calculator.TranslatorImplTest" time="0"/>
  <testcase name="testTranslateDummy" classname="calculator.TranslatorImplTest" time="0"/>
  <testcase name="testTranslateDummy" classname="calculator.TranslatorImplTest" time="0"/>
  <testcase name="testTranslateDummy" classname="calculator.TranslatorImplTest" time="0"/>
  <testcase name="testTranslateDummy" classname="calculator.TranslatorImplTest" time="0"/>
  <testcase name="testTranslateDummy" classname="calculator.TranslatorImplTest" time="0"/>
  <testcase name="testTranslateDummy" classname="calculator.TranslatorImplTest" time="0"/>
  <testcase name="testTranslateDummy" classname="calculator.TranslatorImplTest" time="0"/>
  <testcase name="testTranslateDummy" classname="calculator.TranslatorImplTest" time="0"/>
  <testcase name="testTranslateDummy" classname="calculator.TranslatorImplTest" time="0"/>
  <testcase name="testTranslateDummy" classname="calculator.TranslatorImplTest" time="0"/>
  <testcase name="testTranslateDummy" classname="calculator.TranslatorImplTest" time="0"/>
  <testcase name="testTranslateDummy" classname="calculator.TranslatorImplTest" time="0"/>
  <testcase name="testTranslateDummy" classname="calculator.TranslatorImplTest" time="0"/>
  <testcase name="testTranslateDummy" classname="calculator.TranslatorImplTest" time="0"/>
  <testcase name="testTranslateDummy" classname="calculator.TranslatorImplTest" time="0"/>
  <testcase name="testTranslateDummy" classname="calculator.TranslatorImplTest" time="0"/>
  <testcase name="testTranslateDummy" classname="calculator.TranslatorImplTest" time="0"/>
  <testcase name="testTranslateDummy" classname="calculator.TranslatorImplTest" time="0"/>
  <testcase name="testTranslateDummy" classname="calculator.TranslatorImplTest" time="0"/>
  <testcase name="testTranslateDummy" classname="calculator.TranslatorImplTest" time="0"/>
  <testcase name="testTranslateDummy" classname="calculator.TranslatorImplTest" time="0"/>
  <testcase name="testTranslateDummy" classname="calculator.TranslatorImplTest" time="0"/>
  <testcase name="testTranslateDummy" classname="calculator.TranslatorImplTest" time="0"/>
  <testcase name="testTranslateDummy" classname="calculator.TranslatorImplTest" time="0.002"/>
</testsuite>