<?xml version="1.0" encoding="UTF-8"?>
<!-- Generated by org.testng.reporters.JUnitReportReporter -->
<testsuite hostname="Piero" name="calculator.TranslatorImplTest" tests="100" failures="0" timestamp="23 Oct 2019 16:44:26 GMT" time="0.109" errors="0">
  <testcase name="testTranslateDummy" time="0.005" classname="calculator.TranslatorImplTest"/>
  <testcase name="testTranslateDummy" time="0.002" classname="calculator.TranslatorImplTest"/>
  <testcase name="testTranslateDummy" time="0.000" classname="calculator.TranslatorImplTest"/>
  <testcase name="testTranslateDummy" time="0.000" classname="calculator.TranslatorImplTest"/>
  <testcase name="testTranslateDummy" time="0.000" classname="calculator.TranslatorImplTest"/>
  <testcase name="testTranslateDummy" time="0.004" classname="calculator.TranslatorImplTest"/>
  <testcase name="testTranslateDummy" time="0.001" classname="calculator.TranslatorImplTest"/>
  <testcase name="testTranslateDummy" time="0.000" classname="calculator.TranslatorImplTest"/>
  <testcase name="testTranslateDummy" time="0.000" classname="calculator.TranslatorImplTest"/>
  <testcase name="testTranslateDummy" time="0.001" classname="calculator.TranslatorImplTest"/>
  <testcase name="testTranslateDummy" time="0.000" classname="calculator.TranslatorImplTest"/>
  <testcase name="testTranslateDummy" time="0.000" classname="calculator.TranslatorImplTest"/>
  <testcase name="testTranslateDummy" time="0.003" classname="calculator.TranslatorImplTest"/>
  <testcase name="testTranslateDummy" time="0.001" classname="calculator.TranslatorImplTest"/>
  <testcase name="testTranslateDummy" time="0.000" classname="calculator.TranslatorImplTest"/>
  <testcase name="testTranslateDummy" time="0.000" classname="calculator.TranslatorImplTest"/>
  <testcase name="testTranslateDummy" time="0.000" classname="calculator.TranslatorImplTest"/>
  <testcase name="testTranslateDummy" time="0.000" classname="calculator.TranslatorImplTest"/>
  <testcase name="testTranslateDummy" time="0.001" classname="calculator.TranslatorImplTest"/>
  <testcase name="testTranslateDummy" time="0.000" classname="calculator.TranslatorImplTest"/>
  <testcase name="testTranslateDummy" time="0.000" classname="calculator.TranslatorImplTest"/>
  <testcase name="testTranslateDummy" time="0.001" classname="calculator.TranslatorImplTest"/>
  <testcase name="testTranslateDummy" time="0.000" classname="calculator.TranslatorImplTest"/>
  <testcase name="testTranslateDummy" time="0.004" classname="calculator.TranslatorImplTest"/>
  <testcase name="testTranslateDummy" time="0.000" classname="calculator.TranslatorImplTest"/>
  <testcase name="testTranslateDummy" time="0.002" classname="calculator.TranslatorImplTest"/>
  <testcase name="testTranslateDummy" time="0.002" classname="calculator.TranslatorImplTest"/>
  <testcase name="testTranslateDummy" time="0.000" classname="calculator.TranslatorImplTest"/>
  <testcase name="testTranslateDummy" time="0.001" classname="calculator.TranslatorImplTest"/>
  <testcase name="testTranslateDummy" time="0.000" classname="calculator.TranslatorImplTest"/>
  <testcase name="testTranslateDummy" time="0.000" classname="calculator.TranslatorImplTest"/>
  <testcase name="testTranslateDummy" time="0.007" classname="calculator.TranslatorImplTest"/>
  <testcase name="testTranslateDummy" time="0.000" classname="calculator.TranslatorImplTest"/>
  <testcase name="testTranslateDummy" time="0.002" classname="calculator.TranslatorImplTest"/>
  <testcase name="testTranslateDummy" time="0.000" classname="calculator.TranslatorImplTest"/>
  <testcase name="testTranslateDummy" time="0.000" classname="calculator.TranslatorImplTest"/>
  <testcase name="testTranslateDummy" time="0.000" classname="calculator.TranslatorImplTest"/>
  <testcase name="testTranslateDummy" time="0.001" classname="calculator.TranslatorImplTest"/>
  <testcase name="testTranslateDummy" time="0.000" classname="calculator.TranslatorImplTest"/>
  <testcase name="testTranslateDummy" time="0.000" classname="calculator.TranslatorImplTest"/>
  <testcase name="testTranslateDummy" time="0.000" classname="calculator.TranslatorImplTest"/>
  <testcase name="testTranslateDummy" time="0.000" classname="calculator.TranslatorImplTest"/>
  <testcase name="testTranslateDummy" time="0.000" classname="calculator.TranslatorImplTest"/>
  <testcase name="testTranslateDummy" time="0.005" classname="calculator.TranslatorImplTest"/>
  <testcase name="testTranslateDummy" time="0.001" classname="calculator.TranslatorImplTest"/>
  <testcase name="testTranslateDummy" time="0.000" classname="calculator.TranslatorImplTest"/>
  <testcase name="testTranslateDummy" time="0.002" classname="calculator.TranslatorImplTest"/>
  <testcase name="testTranslateDummy" time="0.000" classname="calculator.TranslatorImplTest"/>
  <testcase name="testTranslateDummy" time="0.000" classname="calculator.TranslatorImplTest"/>
  <testcase name="testTranslateDummy" time="0.000" classname="calculator.TranslatorImplTest"/>
  <testcase name="testTranslateDummy" time="0.000" classname="calculator.TranslatorImplTest"/>
  <testcase name="testTranslateDummy" time="0.002" classname="calculator.TranslatorImplTest"/>
  <testcase name="testTranslateDummy" time="0.001" classname="calculator.TranslatorImplTest"/>
  <testcase name="testTranslateDummy" time="0.000" classname="calculator.TranslatorImplTest"/>
  <testcase name="testTranslateDummy" time="0.000" classname="calculator.TranslatorImplTest"/>
  <testcase name="testTranslateDummy" time="0.001" classname="calculator.TranslatorImplTest"/>
  <testcase name="testTranslateDummy" time="0.002" classname="calculator.TranslatorImplTest"/>
  <testcase name="testTranslateDummy" time="0.001" classname="calculator.TranslatorImplTest"/>
  <testcase name="testTranslateDummy" time="0.000" classname="calculator.TranslatorImplTest"/>
  <testcase name="testTranslateDummy" time="0.000" classname="calculator.TranslatorImplTest"/>
  <testcase name="testTranslateDummy" time="0.000" classname="calculator.TranslatorImplTest"/>
  <testcase name="testTranslateDummy" time="0.002" classname="calculator.TranslatorImplTest"/>
  <testcase name="testTranslateDummy" time="0.000" classname="calculator.TranslatorImplTest"/>
  <testcase name="testTranslateDummy" time="0.001" classname="calculator.TranslatorImplTest"/>
  <testcase name="testTranslateDummy" time="0.000" classname="calculator.TranslatorImplTest"/>
  <testcase name="testTranslateDummy" time="0.001" classname="calculator.TranslatorImplTest"/>
  <testcase name="testTranslateDummy" time="0.001" classname="calculator.TranslatorImplTest"/>
  <testcase name="testTranslateDummy" time="0.000" classname="calculator.TranslatorImplTest"/>
  <testcase name="testTranslateDummy" time="0.000" classname="calculator.TranslatorImplTest"/>
  <testcase name="testTranslateDummy" time="0.005" classname="calculator.TranslatorImplTest"/>
  <testcase name="testTranslateDummy" time="0.000" classname="calculator.TranslatorImplTest"/>
  <testcase name="testTranslateDummy" time="0.002" classname="calculator.TranslatorImplTest"/>
  <testcase name="testTranslateDummy" time="0.006" classname="calculator.TranslatorImplTest"/>
  <testcase name="testTranslateDummy" time="0.000" classname="calculator.TranslatorImplTest"/>
  <testcase name="testTranslateDummy" time="0.003" classname="calculator.TranslatorImplTest"/>
  <testcase name="testTranslateDummy" time="0.000" classname="calculator.TranslatorImplTest"/>
  <testcase name="testTranslateDummy" time="0.004" classname="calculator.TranslatorImplTest"/>
  <testcase name="testTranslateDummy" time="0.000" classname="calculator.TranslatorImplTest"/>
  <testcase name="testTranslateDummy" time="0.000" classname="calculator.TranslatorImplTest"/>
  <testcase name="testTranslateDummy" time="0.000" classname="calculator.TranslatorImplTest"/>
  <testcase name="testTranslateDummy" time="0.008" classname="calculator.TranslatorImplTest"/>
  <testcase name="testTranslateDummy" time="0.001" classname="calculator.TranslatorImplTest"/>
  <testcase name="testTranslateDummy" time="0.007" classname="calculator.TranslatorImplTest"/>
  <testcase name="testTranslateDummy" time="0.007" classname="calculator.TranslatorImplTest"/>
  <testcase name="testTranslateDummy" time="0.002" classname="calculator.TranslatorImplTest"/>
  <testcase name="testTranslateDummy" time="0.000" classname="calculator.TranslatorImplTest"/>
  <testcase name="testTranslateDummy" time="0.000" classname="calculator.TranslatorImplTest"/>
  <testcase name="testTranslateDummy" time="0.000" classname="calculator.TranslatorImplTest"/>
  <testcase name="testTranslateDummy" time="0.000" classname="calculator.TranslatorImplTest"/>
  <testcase name="testTranslateDummy" time="0.000" classname="calculator.TranslatorImplTest"/>
  <testcase name="testTranslateDummy" time="0.000" classname="calculator.TranslatorImplTest"/>
  <testcase name="testTranslateDummy" time="0.002" classname="calculator.TranslatorImplTest"/>
  <testcase name="testTranslateDummy" time="0.000" classname="calculator.TranslatorImplTest"/>
  <testcase name="testTranslateDummy" time="0.000" classname="calculator.TranslatorImplTest"/>
  <testcase name="testTranslateDummy" time="0.000" classname="calculator.TranslatorImplTest"/>
  <testcase name="testTranslateDummy" time="0.000" classname="calculator.TranslatorImplTest"/>
  <testcase name="testTranslateDummy" time="0.000" classname="calculator.TranslatorImplTest"/>
  <testcase name="testTranslateDummy" time="0.000" classname="calculator.TranslatorImplTest"/>
  <testcase name="testTranslateDummy" time="0.000" classname="calculator.TranslatorImplTest"/>
  <testcase name="testTranslateDummy" time="0.004" classname="calculator.TranslatorImplTest"/>
</testsuite> <!-- calculator.TranslatorImplTest -->
